c:\users\simon\desktop\asteroid 3.0\bin\intermediates\release\vc140.pdb
c:\users\simon\desktop\asteroid 3.0\bin\intermediates\release\shipstates.obj
c:\users\simon\desktop\asteroid 3.0\bin\intermediates\release\ship.obj
c:\users\simon\desktop\asteroid 3.0\bin\intermediates\release\projectile.obj
c:\users\simon\desktop\asteroid 3.0\bin\intermediates\release\main.obj
c:\users\simon\desktop\asteroid 3.0\bin\intermediates\release\gamesession.obj
c:\users\simon\desktop\asteroid 3.0\bin\intermediates\release\gameobject.obj
c:\users\simon\desktop\asteroid 3.0\bin\intermediates\release\fusmcontroller.obj
c:\users\simon\desktop\asteroid 3.0\bin\intermediates\release\controller.obj
c:\users\simon\desktop\asteroid 3.0\bin\intermediates\release\fsmcontroller.obj
c:\users\simon\desktop\asteroid 3.0\bin\intermediates\release\asteroid.obj
c:\users\simon\desktop\asteroid 3.0\bin\intermediates\release\fshipstates.obj
c:\users\simon\desktop\asteroid 3.0\bin\x64\release\asteroid 3.0.exe
c:\users\simon\desktop\asteroid 3.0\bin\x64\release\asteroid 3.0.ipdb
c:\users\simon\desktop\asteroid 3.0\bin\x64\release\asteroid 3.0.iobj
c:\users\simon\desktop\asteroid 3.0\bin\x64\release\asteroid 3.0.pdb
c:\users\simon\desktop\asteroid 3.0\bin\intermediates\release\asteroid 3.0.tlog\cl.command.1.tlog
c:\users\simon\desktop\asteroid 3.0\bin\intermediates\release\asteroid 3.0.tlog\cl.read.1.tlog
c:\users\simon\desktop\asteroid 3.0\bin\intermediates\release\asteroid 3.0.tlog\cl.write.1.tlog
c:\users\simon\desktop\asteroid 3.0\bin\intermediates\release\asteroid 3.0.tlog\link.command.1.tlog
c:\users\simon\desktop\asteroid 3.0\bin\intermediates\release\asteroid 3.0.tlog\link.read.1.tlog
c:\users\simon\desktop\asteroid 3.0\bin\intermediates\release\asteroid 3.0.tlog\link.write.1.tlog
